<?xml version="1.0" encoding="UTF-8"?>
<!-- Generated by org.testng.reporters.JUnitXMLReporter -->
<testsuite ignored="0" hostname="Dinesh" failures="1" tests="8" name="windows-chrome" time="44.797" errors="0" timestamp="2025-04-14T21:24:58 IST">
  <testcase classname="testcases.TC2_Login" name="testLoginWithValidCredentials" time="3.324"/>
  <testcase classname="testcases.TC2_Login" name="VerifyLoginWithInvalidCredentials" time="1.331"/>
  <testcase classname="testcases.TC2_Login" name="VerifyLoginWithNonRegisterEmail" time="1.99"/>
  <testcase classname="testcases.TC2_Login" name="VerifyLoginWithInvalidPassword" time="1.99"/>
  <testcase classname="testcases.TC2_Login" name="VerifyLoginWithInvalidEmail" time="1.621"/>
  <testcase classname="testcases.TC2_Login" name="VerifyWithBlankCredential" time="1.878"/>
  <testcase classname="testcases.TC2_Login" name="VerifyLoginWithInvalidEmailFormat" time="1.983"/>
  <testcase classname="testcases.TC2_Login" name="VerifyForgotPassword" time="24.571">
    <failure type="java.lang.AssertionError" message="Forgot page not displayed expected [true] but found [false]">
      <![CDATA[java.lang.AssertionError: Forgot page not displayed expected [true] but found [false]
at testcases.TC2_Login.VerifyForgotPassword(TC2_Login.java:396)
at java.base/java.util.ArrayList.forEach(ArrayList.java:1597)
... Removed 28 stack frames]]>
    </failure>
  </testcase> <!-- VerifyForgotPassword -->
</testsuite> <!-- windows-chrome -->
